<?xml version="1.0" encoding="UTF-8"?>
<testsuite name="springboot.web.dto.HelloResponseDtoTest" tests="1" skipped="0" failures="0" errors="0" timestamp="2022-11-29T11:02:41" hostname="LAPTOP-8GDS7GCB" time="0.003">
  <properties/>
  <testcase name="롬복_기능_테스트" classname="springboot.web.dto.HelloResponseDtoTest" time="0.003"/>
  <system-out><![CDATA[]]></system-out>
  <system-err><![CDATA[]]></system-err>
</testsuite>
