<?xml version="1.0" encoding="UTF-8"?>
<testsuite name="springboot.domain.posts.PostsRepositoryTest" tests="2" skipped="0" failures="0" errors="0" timestamp="2022-11-29T11:02:41" hostname="LAPTOP-8GDS7GCB" time="0.243">
  <properties/>
  <testcase name="게시글저장_불러오기" classname="springboot.domain.posts.PostsRepositoryTest" time="0.231"/>
  <testcase name="BaseTimeEntity_등록" classname="springboot.domain.posts.PostsRepositoryTest" time="0.012"/>
  <system-out><![CDATA[2022-11-29 20:02:35.737  INFO 6864 --- [    Test worker] .b.t.c.SpringBootTestContextBootstrapper : Neither @ContextConfiguration nor @ContextHierarchy found for test class [springboot.domain.posts.PostsRepositoryTest], using SpringBootContextLoader
2022-11-29 20:02:35.738  INFO 6864 --- [    Test worker] o.s.t.c.support.AbstractContextLoader    : Could not detect default resource locations for test class [springboot.domain.posts.PostsRepositoryTest]: no resource found for suffixes {-context.xml, Context.groovy}.
2022-11-29 20:02:35.739  INFO 6864 --- [    Test worker] t.c.s.AnnotationConfigContextLoaderUtils : Could not detect default configuration classes for test class [springboot.domain.posts.PostsRepositoryTest]: PostsRepositoryTest does not declare any static, non-private, non-final, nested classes annotated with @Configuration.
2022-11-29 20:02:35.757  INFO 6864 --- [    Test worker] .b.t.c.SpringBootTestContextBootstrapper : Found @SpringBootConfiguration springboot.Application for test class springboot.domain.posts.PostsRepositoryTest
2022-11-29 20:02:35.761  INFO 6864 --- [    Test worker] .b.t.c.SpringBootTestContextBootstrapper : Loaded default TestExecutionListener class names from location [META-INF/spring.factories]: [org.springframework.security.test.context.support.WithSecurityContextTestExecutionListener, org.springframework.security.test.context.support.ReactorContextTestExecutionListener, org.springframework.boot.test.autoconfigure.restdocs.RestDocsTestExecutionListener, org.springframework.boot.test.autoconfigure.web.client.MockRestServiceServerResetTestExecutionListener, org.springframework.boot.test.autoconfigure.web.servlet.MockMvcPrintOnlyOnFailureTestExecutionListener, org.springframework.boot.test.autoconfigure.web.servlet.WebDriverTestExecutionListener, org.springframework.boot.test.mock.mockito.MockitoTestExecutionListener, org.springframework.boot.test.mock.mockito.ResetMocksTestExecutionListener, org.springframework.test.context.web.ServletTestExecutionListener, org.springframework.test.context.support.DirtiesContextBeforeModesTestExecutionListener, org.springframework.test.context.support.DependencyInjectionTestExecutionListener, org.springframework.test.context.support.DirtiesContextTestExecutionListener, org.springframework.test.context.transaction.TransactionalTestExecutionListener, org.springframework.test.context.jdbc.SqlScriptsTestExecutionListener]
2022-11-29 20:02:35.765  INFO 6864 --- [    Test worker] .b.t.c.SpringBootTestContextBootstrapper : Using TestExecutionListeners: [org.springframework.test.context.web.ServletTestExecutionListener@23ec7a7b, org.springframework.test.context.support.DirtiesContextBeforeModesTestExecutionListener@24d56295, org.springframework.boot.test.mock.mockito.MockitoTestExecutionListener@4735578c, org.springframework.boot.test.autoconfigure.SpringBootDependencyInjectionTestExecutionListener@32745d64, org.springframework.test.context.support.DirtiesContextTestExecutionListener@720bc6f3, org.springframework.test.context.transaction.TransactionalTestExecutionListener@7d45c3ed, org.springframework.test.context.jdbc.SqlScriptsTestExecutionListener@102162fe, org.springframework.security.test.context.support.WithSecurityContextTestExecutionListener@2e82e3, org.springframework.security.test.context.support.ReactorContextTestExecutionListener@2c3ef04b, org.springframework.boot.test.autoconfigure.restdocs.RestDocsTestExecutionListener@7fb7148a, org.springframework.boot.test.autoconfigure.web.client.MockRestServiceServerResetTestExecutionListener@649abf10, org.springframework.boot.test.autoconfigure.web.servlet.MockMvcPrintOnlyOnFailureTestExecutionListener@105710fa, org.springframework.boot.test.autoconfigure.web.servlet.WebDriverTestExecutionListener@4bb01613, org.springframework.boot.test.mock.mockito.ResetMocksTestExecutionListener@c6458ab]

  .   ____          _            __ _ _
 /\\ / ___'_ __ _ _(_)_ __  __ _ \ \ \ \
( ( )\___ | '_ | '_| | '_ \/ _` | \ \ \ \
 \\/  ___)| |_)| | | | | || (_| |  ) ) ) )
  '  |____| .__|_| |_|_| |_\__, | / / / /
 =========|_|==============|___/=/_/_/_/
 :: Spring Boot ::        (v2.1.7.RELEASE)

2022-11-29 20:02:35.804  INFO 6864 --- [    Test worker] s.domain.posts.PostsRepositoryTest       : Starting PostsRepositoryTest on LAPTOP-8GDS7GCB with PID 6864 (started by jiny7 in C:\study\jini_study\spring_project)
2022-11-29 20:02:35.805  INFO 6864 --- [    Test worker] s.domain.posts.PostsRepositoryTest       : No active profile set, falling back to default profiles: default
2022-11-29 20:02:36.416  INFO 6864 --- [    Test worker] .s.d.r.c.RepositoryConfigurationDelegate : Bootstrapping Spring Data repositories in DEFAULT mode.
2022-11-29 20:02:36.518  INFO 6864 --- [    Test worker] .s.d.r.c.RepositoryConfigurationDelegate : Finished Spring Data repository scanning in 84ms. Found 2 repository interfaces.
2022-11-29 20:02:36.834  INFO 6864 --- [    Test worker] trationDelegate$BeanPostProcessorChecker : Bean 'org.springframework.transaction.annotation.ProxyTransactionManagementConfiguration' of type [org.springframework.transaction.annotation.ProxyTransactionManagementConfiguration$$EnhancerBySpringCGLIB$$13a77f70] is not eligible for getting processed by all BeanPostProcessors (for example: not eligible for auto-proxying)
2022-11-29 20:02:37.085  INFO 6864 --- [    Test worker] com.zaxxer.hikari.HikariDataSource       : HikariPool-1 - Starting...
2022-11-29 20:02:37.298  INFO 6864 --- [    Test worker] com.zaxxer.hikari.HikariDataSource       : HikariPool-1 - Start completed.
2022-11-29 20:02:37.410  INFO 6864 --- [    Test worker] o.hibernate.jpa.internal.util.LogHelper  : HHH000204: Processing PersistenceUnitInfo [
	name: default
	...]
2022-11-29 20:02:37.510  INFO 6864 --- [    Test worker] org.hibernate.Version                    : HHH000412: Hibernate Core {5.3.10.Final}
2022-11-29 20:02:37.512  INFO 6864 --- [    Test worker] org.hibernate.cfg.Environment            : HHH000206: hibernate.properties not found
2022-11-29 20:02:37.592  INFO 6864 --- [    Test worker] o.hibernate.annotations.common.Version   : HCANN000001: Hibernate Commons Annotations {5.0.4.Final}
2022-11-29 20:02:37.843  INFO 6864 --- [    Test worker] org.hibernate.dialect.Dialect            : HHH000400: Using dialect: org.hibernate.dialect.MySQL5InnoDBDialect
Hibernate: drop table if exists posts
Hibernate: drop table if exists user
Hibernate: create table posts (id bigint not null auto_increment, created_date datetime, modified_date datetime, author varchar(255), content TEXT not null, title varchar(500) not null, primary key (id)) engine=InnoDB
Hibernate: create table user (id bigint not null auto_increment, created_date datetime, modified_date datetime, email varchar(255) not null, name varchar(255) not null, picture varchar(255), role varchar(255) not null, primary key (id)) engine=InnoDB
2022-11-29 20:02:38.881  INFO 6864 --- [    Test worker] o.h.t.schema.internal.SchemaCreatorImpl  : HHH000476: Executing import script 'org.hibernate.tool.schema.internal.exec.ScriptSourceInputNonExistentImpl@68478d16'
2022-11-29 20:02:38.886  INFO 6864 --- [    Test worker] j.LocalContainerEntityManagerFactoryBean : Initialized JPA EntityManagerFactory for persistence unit 'default'
2022-11-29 20:02:39.554  INFO 6864 --- [    Test worker] o.h.h.i.QueryTranslatorFactoryInitiator  : HHH000397: Using ASTQueryTranslatorFactory
2022-11-29 20:02:40.000  INFO 6864 --- [    Test worker] o.s.s.web.DefaultSecurityFilterChain     : Creating filter chain: any request, [org.springframework.security.web.context.request.async.WebAsyncManagerIntegrationFilter@5ee49938, org.springframework.security.web.context.SecurityContextPersistenceFilter@163f350d, org.springframework.security.web.header.HeaderWriterFilter@6d21eefa, org.springframework.security.web.authentication.logout.LogoutFilter@15b708bc, org.springframework.security.oauth2.client.web.OAuth2AuthorizationRequestRedirectFilter@727f34ab, org.springframework.security.oauth2.client.web.OAuth2LoginAuthenticationFilter@58f4633f, org.springframework.security.web.authentication.ui.DefaultLoginPageGeneratingFilter@7acfddb5, org.springframework.security.web.authentication.ui.DefaultLogoutPageGeneratingFilter@180a26d2, org.springframework.security.web.savedrequest.RequestCacheAwareFilter@beb8cae, org.springframework.security.web.servletapi.SecurityContextHolderAwareRequestFilter@69dff517, org.springframework.security.web.authentication.AnonymousAuthenticationFilter@639c5377, org.springframework.security.web.session.SessionManagementFilter@21764eaf, org.springframework.security.web.access.ExceptionTranslationFilter@775d4296, org.springframework.security.web.access.intercept.FilterSecurityInterceptor@402d93c1]
2022-11-29 20:02:40.462  INFO 6864 --- [    Test worker] o.s.s.concurrent.ThreadPoolTaskExecutor  : Initializing ExecutorService 'applicationTaskExecutor'
2022-11-29 20:02:40.481  WARN 6864 --- [    Test worker] aWebConfiguration$JpaWebMvcConfiguration : spring.jpa.open-in-view is enabled by default. Therefore, database queries may be performed during view rendering. Explicitly configure spring.jpa.open-in-view to disable this warning
2022-11-29 20:02:40.529  INFO 6864 --- [    Test worker] o.s.b.a.w.s.WelcomePageHandlerMapping    : Adding welcome page template: index
2022-11-29 20:02:41.231  INFO 6864 --- [    Test worker] s.domain.posts.PostsRepositoryTest       : Started PostsRepositoryTest in 5.464 seconds (JVM running for 11.296)
Hibernate: insert into posts (created_date, modified_date, author, content, title) values (?, ?, ?, ?, ?)
Hibernate: select posts0_.id as id1_0_, posts0_.created_date as created_2_0_, posts0_.modified_date as modified3_0_, posts0_.author as author4_0_, posts0_.content as content5_0_, posts0_.title as title6_0_ from posts posts0_
Hibernate: select posts0_.id as id1_0_, posts0_.created_date as created_2_0_, posts0_.modified_date as modified3_0_, posts0_.author as author4_0_, posts0_.content as content5_0_, posts0_.title as title6_0_ from posts posts0_
Hibernate: delete from posts where id=?
Hibernate: insert into posts (created_date, modified_date, author, content, title) values (?, ?, ?, ?, ?)
Hibernate: select posts0_.id as id1_0_, posts0_.created_date as created_2_0_, posts0_.modified_date as modified3_0_, posts0_.author as author4_0_, posts0_.content as content5_0_, posts0_.title as title6_0_ from posts posts0_
>>>>>>> createDate=2022-11-29T20:02:41.472, modifiedDate=2022-11-29T20:02:41.472
Hibernate: select posts0_.id as id1_0_, posts0_.created_date as created_2_0_, posts0_.modified_date as modified3_0_, posts0_.author as author4_0_, posts0_.content as content5_0_, posts0_.title as title6_0_ from posts posts0_
Hibernate: delete from posts where id=?
]]></system-out>
  <system-err><![CDATA[]]></system-err>
</testsuite>
